0 info it worked if it ends with ok
1 verbose cli [ '/usr/bin/node', '/usr/bin/npm', 'start', '-htppPort=3000' ]
2 info using npm@6.7.0
3 info using node@v11.15.0
4 verbose run-script [ 'prestart', 'start', 'poststart' ]
5 info lifecycle react-basic@1.0.0~prestart: react-basic@1.0.0
6 info lifecycle react-basic@1.0.0~start: react-basic@1.0.0
7 verbose lifecycle react-basic@1.0.0~start: unsafe-perm in lifecycle true
8 verbose lifecycle react-basic@1.0.0~start: PATH: /usr/lib/node_modules/npm/node_modules/npm-lifecycle/node-gyp-bin:/home/sahudeepak154/REACTJS/React/node_modules/.bin:/usr/local/sbin:/usr/local/bin:/usr/sbin:/usr/bin:/sbin:/bin:/usr/games:/usr/local/games:/snap/bin
9 verbose lifecycle react-basic@1.0.0~start: CWD: /home/sahudeepak154/REACTJS/React
10 silly lifecycle react-basic@1.0.0~start: Args: [ '-c',
10 silly lifecycle   'node ./node_modules/webpack-dev-server/bin/webpack-dev-server.js' ]
11 silly lifecycle react-basic@1.0.0~start: Returned: code: 1  signal: null
12 info lifecycle react-basic@1.0.0~start: Failed to exec start script
13 verbose stack Error: react-basic@1.0.0 start: `node ./node_modules/webpack-dev-server/bin/webpack-dev-server.js`
13 verbose stack Exit status 1
13 verbose stack     at EventEmitter.<anonymous> (/usr/lib/node_modules/npm/node_modules/npm-lifecycle/index.js:301:16)
13 verbose stack     at EventEmitter.emit (events.js:193:13)
13 verbose stack     at ChildProcess.<anonymous> (/usr/lib/node_modules/npm/node_modules/npm-lifecycle/lib/spawn.js:55:14)
13 verbose stack     at ChildProcess.emit (events.js:193:13)
13 verbose stack     at maybeClose (internal/child_process.js:999:16)
13 verbose stack     at Process.ChildProcess._handle.onexit (internal/child_process.js:266:5)
14 verbose pkgid react-basic@1.0.0
15 verbose cwd /home/sahudeepak154/REACTJS/React
16 verbose Linux 5.0.0-1007-gcp
17 verbose argv "/usr/bin/node" "/usr/bin/npm" "start" "-htppPort=3000"
18 verbose node v11.15.0
19 verbose npm  v6.7.0
20 error code ELIFECYCLE
21 error errno 1
22 error react-basic@1.0.0 start: `node ./node_modules/webpack-dev-server/bin/webpack-dev-server.js`
22 error Exit status 1
23 error Failed at the react-basic@1.0.0 start script.
23 error This is probably not a problem with npm. There is likely additional logging output above.
24 verbose exit [ 1, true ]
